<?xml version="1.0" encoding="UTF-8"?>
<testsuite xmlns:xsi="http://www.w3.org/2001/XMLSchema-instance" xsi:noNamespaceSchemaLocation="https://maven.apache.org/surefire/maven-surefire-plugin/xsd/surefire-test-report-3.0.xsd" version="3.0" name="org.example.backend01.Backend01ApplicationTests" time="4.683" tests="1" errors="0" skipped="0" failures="0">
  <properties>
[...]
</properties>
  <testcase name="contextLoads" classname="org.example.backend01.Backend01ApplicationTests" time="0.801">
    <system-out><![CDATA[15:08:44.307 [main] INFO org.springframework.test.context.support.AnnotationConfigContextLoaderUtils -- Could not detect default configuration classes for test class [org.example.backend01.Backend01ApplicationTests]: Backend01ApplicationTests does not declare any static, non-private, non-final, nested classes annotated with @Configuration.
15:08:44.417 [main] INFO org.springframework.boot.test.context.SpringBootTestContextBootstrapper -- Found @SpringBootConfiguration org.example.backend01.Backend01Application for test class org.example.backend01.Backend01ApplicationTests
15:08:44.599 [main] INFO org.springframework.boot.devtools.restart.RestartApplicationListener -- Restart disabled due to context in which it is running

  .   ____          _            __ _ _
 /\\ / ___'_ __ _ _(_)_ __  __ _ \ \ \ \
( ( )\___ | '_ | '_| | '_ \/ _` | \ \ \ \
 \\/  ___)| |_)| | | | | || (_| |  ) ) ) )
  '  |____| .__|_| |_|_| |_\__, | / / / /
 =========|_|==============|___/=/_/_/_/

 :: Spring Boot ::                (v3.3.5)

2024-11-29T15:08:44.839+02:00  INFO 27744 --- [Backend01] [           main] o.e.backend01.Backend01ApplicationTests  : Starting Backend01ApplicationTests using Java 17.0.11 with PID 27744 (started by lxy19 in E:\Aalto Projects\iportfolio\backend\Backend01)
2024-11-29T15:08:44.840+02:00  INFO 27744 --- [Backend01] [           main] o.e.backend01.Backend01ApplicationTests  : No active profile set, falling back to 1 default profile: "default"
2024-11-29T15:08:45.817+02:00  INFO 27744 --- [Backend01] [           main] .s.d.r.c.RepositoryConfigurationDelegate : Bootstrapping Spring Data MongoDB repositories in DEFAULT mode.
2024-11-29T15:08:45.868+02:00  INFO 27744 --- [Backend01] [           main] .s.d.r.c.RepositoryConfigurationDelegate : Finished Spring Data repository scanning in 45 ms. Found 3 MongoDB repository interfaces.
2024-11-29T15:08:46.511+02:00  INFO 27744 --- [Backend01] [qoi.mongodb.net] org.mongodb.driver.cluster               : Adding discovered server cluster0-shard-00-02.8jqoi.mongodb.net:27017 to client view of cluster
2024-11-29T15:08:46.542+02:00  INFO 27744 --- [Backend01] [           main] org.mongodb.driver.client                : MongoClient with metadata {"driver": {"name": "mongo-java-driver|sync|spring-boot", "version": "5.0.1"}, "os": {"type": "Windows", "name": "Windows 11", "architecture": "amd64", "version": "10.0"}, "platform": "Java/Oracle Corporation/17.0.11+7-LTS-207"} created with settings MongoClientSettings{readPreference=primary, writeConcern=WriteConcern{w=majority, wTimeout=null ms, journal=null}, retryWrites=true, retryReads=true, readConcern=ReadConcern{level=null}, credential=MongoCredential{mechanism=null, userName='Iportofolio', source='admin', password=<hidden>, mechanismProperties=<hidden>}, transportSettings=null, commandListeners=[io.micrometer.core.instrument.binder.mongodb.MongoMetricsCommandListener@3a4a5f3c], codecRegistry=ProvidersCodecRegistry{codecProviders=[ValueCodecProvider{}, BsonValueCodecProvider{}, DBRefCodecProvider{}, DBObjectCodecProvider{}, DocumentCodecProvider{}, CollectionCodecProvider{}, IterableCodecProvider{}, MapCodecProvider{}, GeoJsonCodecProvider{}, GridFSFileCodecProvider{}, Jsr310CodecProvider{}, JsonObjectCodecProvider{}, BsonCodecProvider{}, EnumCodecProvider{}, com.mongodb.client.model.mql.ExpressionCodecProvider@4f3356c0, com.mongodb.Jep395RecordCodecProvider@586cc15d, com.mongodb.KotlinCodecProvider@6c835217]}, loggerSettings=LoggerSettings{maxDocumentLength=1000}, clusterSettings={hosts=[127.0.0.1:27017], srvHost=cluster0.8jqoi.mongodb.net, srvServiceName=mongodb, mode=MULTIPLE, requiredClusterType=REPLICA_SET, requiredReplicaSetName='atlas-1xudbk-shard-0', serverSelector='null', clusterListeners='[]', serverSelectionTimeout='30000 ms', localThreshold='15 ms'}, socketSettings=SocketSettings{connectTimeoutMS=10000, readTimeoutMS=0, receiveBufferSize=0, proxySettings=ProxySettings{host=null, port=null, username=null, password=null}}, heartbeatSocketSettings=SocketSettings{connectTimeoutMS=10000, readTimeoutMS=10000, receiveBufferSize=0, proxySettings=ProxySettings{host=null, port=null, username=null, password=null}}, connectionPoolSettings=ConnectionPoolSettings{maxSize=100, minSize=0, maxWaitTimeMS=120000, maxConnectionLifeTimeMS=0, maxConnectionIdleTimeMS=0, maintenanceInitialDelayMS=0, maintenanceFrequencyMS=60000, connectionPoolListeners=[io.micrometer.core.instrument.binder.mongodb.MongoMetricsConnectionPoolListener@4584304], maxConnecting=2}, serverSettings=ServerSettings{heartbeatFrequencyMS=10000, minHeartbeatFrequencyMS=500, serverListeners='[]', serverMonitorListeners='[]'}, sslSettings=SslSettings{enabled=true, invalidHostNameAllowed=false, context=null}, applicationName='null', compressorList=[], uuidRepresentation=JAVA_LEGACY, serverApi=null, autoEncryptionSettings=null, dnsClient=null, inetAddressResolver=null, contextProvider=null}
2024-11-29T15:08:46.556+02:00  INFO 27744 --- [Backend01] [qoi.mongodb.net] org.mongodb.driver.cluster               : Adding discovered server cluster0-shard-00-01.8jqoi.mongodb.net:27017 to client view of cluster
2024-11-29T15:08:46.560+02:00  INFO 27744 --- [Backend01] [qoi.mongodb.net] org.mongodb.driver.cluster               : Adding discovered server cluster0-shard-00-00.8jqoi.mongodb.net:27017 to client view of cluster
2024-11-29T15:08:47.143+02:00  INFO 27744 --- [Backend01] [ngodb.net:27017] org.mongodb.driver.cluster               : Monitor thread successfully connected to server with description ServerDescription{address=cluster0-shard-00-01.8jqoi.mongodb.net:27017, type=REPLICA_SET_SECONDARY, state=CONNECTED, ok=true, minWireVersion=0, maxWireVersion=25, maxDocumentSize=16777216, logicalSessionTimeoutMinutes=30, roundTripTimeNanos=332337000, setName='atlas-1xudbk-shard-0', canonicalAddress=cluster0-shard-00-01.8jqoi.mongodb.net:27017, hosts=[cluster0-shard-00-01.8jqoi.mongodb.net:27017, cluster0-shard-00-02.8jqoi.mongodb.net:27017, cluster0-shard-00-00.8jqoi.mongodb.net:27017], passives=[], arbiters=[], primary='cluster0-shard-00-02.8jqoi.mongodb.net:27017', tagSet=TagSet{[Tag{name='availabilityZone', value='eun1-az2'}, Tag{name='diskState', value='READY'}, Tag{name='nodeType', value='ELECTABLE'}, Tag{name='provider', value='AWS'}, Tag{name='region', value='EU_NORTH_1'}, Tag{name='workloadType', value='OPERATIONAL'}]}, electionId=null, setVersion=7, topologyVersion=TopologyVersion{processId=6740c2e86ec3a37ce4e4d4cc, counter=3}, lastWriteDate=Fri Nov 29 15:08:46 EET 2024, lastUpdateTimeNanos=10248337668600}
2024-11-29T15:08:47.143+02:00  INFO 27744 --- [Backend01] [ngodb.net:27017] org.mongodb.driver.cluster               : Monitor thread successfully connected to server with description ServerDescription{address=cluster0-shard-00-00.8jqoi.mongodb.net:27017, type=REPLICA_SET_SECONDARY, state=CONNECTED, ok=true, minWireVersion=0, maxWireVersion=25, maxDocumentSize=16777216, logicalSessionTimeoutMinutes=30, roundTripTimeNanos=332346700, setName='atlas-1xudbk-shard-0', canonicalAddress=cluster0-shard-00-00.8jqoi.mongodb.net:27017, hosts=[cluster0-shard-00-01.8jqoi.mongodb.net:27017, cluster0-shard-00-02.8jqoi.mongodb.net:27017, cluster0-shard-00-00.8jqoi.mongodb.net:27017], passives=[], arbiters=[], primary='cluster0-shard-00-02.8jqoi.mongodb.net:27017', tagSet=TagSet{[Tag{name='availabilityZone', value='eun1-az1'}, Tag{name='diskState', value='READY'}, Tag{name='nodeType', value='ELECTABLE'}, Tag{name='provider', value='AWS'}, Tag{name='region', value='EU_NORTH_1'}, Tag{name='workloadType', value='OPERATIONAL'}]}, electionId=null, setVersion=7, topologyVersion=TopologyVersion{processId=6740bb7779bc48dc281e7490, counter=4}, lastWriteDate=Fri Nov 29 15:08:46 EET 2024, lastUpdateTimeNanos=10248337681000}
2024-11-29T15:08:47.143+02:00  INFO 27744 --- [Backend01] [ngodb.net:27017] org.mongodb.driver.cluster               : Monitor thread successfully connected to server with description ServerDescription{address=cluster0-shard-00-02.8jqoi.mongodb.net:27017, type=REPLICA_SET_PRIMARY, state=CONNECTED, ok=true, minWireVersion=0, maxWireVersion=25, maxDocumentSize=16777216, logicalSessionTimeoutMinutes=30, roundTripTimeNanos=332334500, setName='atlas-1xudbk-shard-0', canonicalAddress=cluster0-shard-00-02.8jqoi.mongodb.net:27017, hosts=[cluster0-shard-00-01.8jqoi.mongodb.net:27017, cluster0-shard-00-02.8jqoi.mongodb.net:27017, cluster0-shard-00-00.8jqoi.mongodb.net:27017], passives=[], arbiters=[], primary='cluster0-shard-00-02.8jqoi.mongodb.net:27017', tagSet=TagSet{[Tag{name='availabilityZone', value='eun1-az3'}, Tag{name='diskState', value='READY'}, Tag{name='nodeType', value='ELECTABLE'}, Tag{name='provider', value='AWS'}, Tag{name='region', value='EU_NORTH_1'}, Tag{name='workloadType', value='OPERATIONAL'}]}, electionId=7fffffff00000000000000c7, setVersion=7, topologyVersion=TopologyVersion{processId=6740bf74a3b285401f79b69b, counter=6}, lastWriteDate=Fri Nov 29 15:08:46 EET 2024, lastUpdateTimeNanos=10248337668600}
2024-11-29T15:08:47.148+02:00  INFO 27744 --- [Backend01] [ngodb.net:27017] org.mongodb.driver.cluster               : Discovered replica set primary cluster0-shard-00-02.8jqoi.mongodb.net:27017 with max election id 7fffffff00000000000000c7 and max set version 7
2024-11-29T15:08:47.478+02:00  WARN 27744 --- [Backend01] [           main] ion$DefaultTemplateResolverConfiguration : Cannot find template location: classpath:/templates/ (please add some templates, check your Thymeleaf configuration, or set spring.thymeleaf.check-template-location=false)
2024-11-29T15:08:47.726+02:00  WARN 27744 --- [Backend01] [           main] .s.s.UserDetailsServiceAutoConfiguration : 

Using generated security password: 364aee97-ec1a-4485-83d3-4e3a88e5cb1a

This generated password is for development use only. Your security configuration must be updated before running your application in production.

2024-11-29T15:08:47.733+02:00  INFO 27744 --- [Backend01] [           main] r$InitializeUserDetailsManagerConfigurer : Global AuthenticationManager configured with UserDetailsService bean with name inMemoryUserDetailsManager
2024-11-29T15:08:47.831+02:00  INFO 27744 --- [Backend01] [           main] o.s.b.a.e.web.EndpointLinksResolver      : Exposing 1 endpoint beneath base path '/actuator'
2024-11-29T15:08:47.867+02:00  WARN 27744 --- [Backend01] [           main] o.s.s.c.a.web.builders.WebSecurity       : You are asking Spring Security to ignore Ant [pattern='/**']. This is not recommended -- please use permitAll via HttpSecurity#authorizeHttpRequests instead.
2024-11-29T15:08:47.950+02:00  INFO 27744 --- [Backend01] [           main] o.e.backend01.Backend01ApplicationTests  : Started Backend01ApplicationTests in 3.367 seconds (process running for 4.373)
]]></system-out>
  </testcase>
</testsuite>